Unity Editor version:    2021.3.25f1 (68ef2c4f8861)
Branch:                  2021.3/staging
Build type:              Release
Batch mode:              YES
macOS version:           Version 13.3.1 (a) (Build 22E772610a)
Darwin version:          22.4.0
Architecture:            arm64
Running under Rosetta:   NO
Available memory:        8192 MB
Using pre-set license
Pro License: YES

COMMAND LINE ARGUMENTS:
/Applications/Unity/Hub/Editor/2021.3.25f1/Unity.app/Contents/MacOS/Unity
-adb2
-batchMode
-noUpm
-name
AssetImportWorker1
-projectPath
/Users/gimdaeyeon/surviver
-logFile
Logs/AssetImportWorker1.log
-srvPort
49883
Successfully changed project path to: /Users/gimdaeyeon/surviver
/Users/gimdaeyeon/surviver
[UnityMemory] Configuration Parameters - Can be set up in boot.config
    "memorysetup-bucket-allocator-granularity=16"
    "memorysetup-bucket-allocator-bucket-count=8"
    "memorysetup-bucket-allocator-block-size=33554432"
    "memorysetup-bucket-allocator-block-count=8"
    "memorysetup-main-allocator-block-size=16777216"
    "memorysetup-thread-allocator-block-size=16777216"
    "memorysetup-gfx-main-allocator-block-size=16777216"
    "memorysetup-gfx-thread-allocator-block-size=16777216"
    "memorysetup-cache-allocator-block-size=4194304"
    "memorysetup-typetree-allocator-block-size=2097152"
    "memorysetup-profiler-bucket-allocator-granularity=16"
    "memorysetup-profiler-bucket-allocator-bucket-count=8"
    "memorysetup-profiler-bucket-allocator-block-size=33554432"
    "memorysetup-profiler-bucket-allocator-block-count=8"
    "memorysetup-profiler-allocator-block-size=16777216"
    "memorysetup-profiler-editor-allocator-block-size=1048576"
    "memorysetup-temp-allocator-size-main=16777216"
    "memorysetup-job-temp-allocator-block-size=2097152"
    "memorysetup-job-temp-allocator-block-size-background=1048576"
    "memorysetup-job-temp-allocator-reduction-small-platforms=262144"
    "memorysetup-temp-allocator-size-background-worker=32768"
    "memorysetup-temp-allocator-size-job-worker=262144"
    "memorysetup-temp-allocator-size-preload-manager=33554432"
    "memorysetup-temp-allocator-size-nav-mesh-worker=65536"
    "memorysetup-temp-allocator-size-audio-worker=65536"
    "memorysetup-temp-allocator-size-cloud-worker=32768"
    "memorysetup-temp-allocator-size-gi-baking-worker=262144"
    "memorysetup-temp-allocator-size-gfx=262144"
Player connection [8175885120] Host "[IP] 192.168.35.105 [Port] 0 [Flags] 2 [Guid] 3430643301 [EditorId] 3430643301 [Version] 1048832 [Id] OSXEditor(0,MacBook-Pro.local) [Debug] 1 [PackageName] OSXEditor [ProjectName] Editor" joined multi-casting on [225.0.0.222:54997]...

Player connection [8175885120] Host "[IP] 192.168.35.105 [Port] 0 [Flags] 2 [Guid] 3430643301 [EditorId] 3430643301 [Version] 1048832 [Id] OSXEditor(0,MacBook-Pro.local) [Debug] 1 [PackageName] OSXEditor [ProjectName] Editor" joined alternative multi-casting on [225.0.0.222:34997]...

Refreshing native plugins compatible for Editor in 150.02 ms, found 3 plugins.
Preloading 0 native plugins for Editor in 0.00 ms.
Initialize engine version: 2021.3.25f1 (68ef2c4f8861)
[Subsystems] Discovering subsystems at path /Applications/Unity/Hub/Editor/2021.3.25f1/Unity.app/Contents/Resources/UnitySubsystems
[Subsystems] Discovering subsystems at path /Users/gimdaeyeon/surviver/Assets
GfxDevice: creating device client; threaded=0; jobified=0
 preferred device: Apple M1 (high power)
Metal devices available: 1
0: Apple M1 (high power)
Using device Apple M1 (high power)
Initializing Metal device caps: Apple M1
Initialize mono
Mono path[0] = '/Applications/Unity/Hub/Editor/2021.3.25f1/Unity.app/Contents/Managed'
Mono path[1] = '/Applications/Unity/Hub/Editor/2021.3.25f1/Unity.app/Contents/MonoBleedingEdge/lib/mono/unityjit-macos'
Mono config path = '/Applications/Unity/Hub/Editor/2021.3.25f1/Unity.app/Contents/MonoBleedingEdge/etc'
Using monoOptions --debugger-agent=transport=dt_socket,embedding=1,server=y,suspend=n,address=127.0.0.1:56945
Begin MonoManager ReloadAssembly
Registering precompiled unity dll's ...
Register platform support module: /Applications/Unity/Hub/Editor/2021.3.25f1/PlaybackEngines/WebGLSupport/UnityEditor.WebGL.Extensions.dll
Register platform support module: /Applications/Unity/Hub/Editor/2021.3.25f1/Unity.app/Contents/PlaybackEngines/MacStandaloneSupport/UnityEditor.OSXStandalone.Extensions.dll
Register platform support module: /Applications/Unity/Hub/Editor/2021.3.25f1/PlaybackEngines/AndroidPlayer/UnityEditor.Android.Extensions.dll
Registered in 0.000910 seconds.
Native extension for Android target not found
Android Extension - Scanning For ADB Devices 108 ms
Native extension for OSXStandalone target not found
Native extension for WebGL target not found
Refreshing native plugins compatible for Editor in 149.30 ms, found 3 plugins.
Preloading 0 native plugins for Editor in 0.00 ms.
Mono: successfully reloaded assembly
- Completed reload, in  0.857 seconds
Domain Reload Profiling:
	ReloadAssembly (857ms)
		BeginReloadAssembly (104ms)
			ExecutionOrderSort (0ms)
			DisableScriptedObjects (0ms)
			BackupInstance (0ms)
			ReleaseScriptingObjects (0ms)
			CreateAndSetChildDomain (1ms)
		EndReloadAssembly (661ms)
			LoadAssemblies (103ms)
			RebuildTransferFunctionScriptingTraits (0ms)
			SetupTypeCache (124ms)
			ReleaseScriptCaches (0ms)
			RebuildScriptCaches (37ms)
			SetupLoadedEditorAssemblies (459ms)
				LogAssemblyErrors (0ms)
				InitializePlatformSupportModulesInManaged (195ms)
				SetLoadedEditorAssemblies (0ms)
				RefreshPlugins (149ms)
				BeforeProcessingInitializeOnLoad (1ms)
				ProcessInitializeOnLoadAttributes (77ms)
				ProcessInitializeOnLoadMethodAttributes (36ms)
				AfterProcessingInitializeOnLoad (0ms)
				EditorAssembliesLoaded (0ms)
			ExecutionOrderSort2 (0ms)
			AwakeInstancesAfterBackupRestoration (0ms)
Platform modules already initialized, skipping
Registering precompiled user dll's ...
Registered in 0.002566 seconds.
Begin MonoManager ReloadAssembly
Symbol file LoadedFromMemory doesn't match image /Users/gimdaeyeon/surviver/Library/PackageCache/com.unity.visualscripting@1.8.0/Editor/VisualScripting.Core/Dependencies/YamlDotNet/Unity.VisualScripting.YamlDotNet.dll
Symbol file LoadedFromMemory doesn't match image /Users/gimdaeyeon/surviver/Library/PackageCache/com.unity.visualscripting@1.8.0/Editor/VisualScripting.Core/Dependencies/DotNetZip/Unity.VisualScripting.IonicZip.dll
Native extension for Android target not found
Native extension for OSXStandalone target not found
Native extension for WebGL target not found
Refreshing native plugins compatible for Editor in 150.30 ms, found 3 plugins.
Preloading 0 native plugins for Editor in 0.00 ms.
Mono: successfully reloaded assembly
- Completed reload, in  1.284 seconds
Domain Reload Profiling:
	ReloadAssembly (1284ms)
		BeginReloadAssembly (105ms)
			ExecutionOrderSort (0ms)
			DisableScriptedObjects (5ms)
			BackupInstance (0ms)
			ReleaseScriptingObjects (0ms)
			CreateAndSetChildDomain (29ms)
		EndReloadAssembly (1074ms)
			LoadAssemblies (59ms)
			RebuildTransferFunctionScriptingTraits (0ms)
			SetupTypeCache (316ms)
			ReleaseScriptCaches (2ms)
			RebuildScriptCaches (84ms)
			SetupLoadedEditorAssemblies (555ms)
				LogAssemblyErrors (0ms)
				InitializePlatformSupportModulesInManaged (16ms)
				SetLoadedEditorAssemblies (0ms)
				RefreshPlugins (150ms)
				BeforeProcessingInitializeOnLoad (127ms)
				ProcessInitializeOnLoadAttributes (184ms)
				ProcessInitializeOnLoadMethodAttributes (76ms)
				AfterProcessingInitializeOnLoad (1ms)
				EditorAssembliesLoaded (0ms)
			ExecutionOrderSort2 (0ms)
			AwakeInstancesAfterBackupRestoration (3ms)
Platform modules already initialized, skipping
========================================================================
Worker process is ready to serve import requests
Launching external process: /Applications/Unity/Hub/Editor/2021.3.25f1/Unity.app/Contents/Tools/UnityShaderCompiler
Launched and connected shader compiler UnityShaderCompiler after 0.08 seconds
Refreshing native plugins compatible for Editor in 0.77 ms, found 3 plugins.
Preloading 0 native plugins for Editor in 0.00 ms.
Unloading 5220 Unused Serialized files (Serialized files now loaded: 0)
Unloading 58 unused Assets / (1.4 MB). Loaded Objects now: 5658.
Memory consumption went from 200.4 MB to 199.1 MB.
Total: 4.415417 ms (FindLiveObjects: 0.227459 ms CreateObjectMapping: 0.093625 ms MarkObjects: 3.550667 ms  DeleteObjects: 0.542625 ms)

AssetImportParameters requested are different than current active one (requested -> active):
  custom:video-decoder-ogg-theora: a1e56fd34408186e4bbccfd4996cb3dc -> 
  custom:container-muxer-webm: aa71ff27fc2769a1b78a27578f13a17b -> 
  custom:container-demuxer-webm: 4f35f7cbe854078d1ac9338744f61a02 -> 
  custom:video-encoder-webm-vp8: eb34c28f22e8b96e1ab97ce403110664 -> 
  custom:framework-osx-AVFoundation: e770b220cccbd017edd2c1fefb359320 -> 
  custom:audio-encoder-webm-vorbis: bf7c407c2cedff20999df2af8eb42d56 -> 
  custom:container-demuxer-ogg: 62fdf1f143b41e24485cea50d1cbac27 -> 
  custom:video-decoder-webm-vp8: 9c59270c3fd7afecdb556c50c9e8de78 -> 
  custom:audio-decoder-ogg-vorbis: bf7c407c2cedff20999df2af8eb42d56 -> 
========================================================================
Received Import Request.
  Time since last request: 782.380415 seconds.
  path: Assets/Undead Survivor/Audio/Range.wav
  artifactKey: Guid(6f0c572d865b4664db7a460972bc4768) Importer(2089858483,0ecaa5967403d082aa24f35e1b516d23)
Start importing Assets/Undead Survivor/Audio/Range.wav using Guid(6f0c572d865b4664db7a460972bc4768) Importer(2089858483,0ecaa5967403d082aa24f35e1b516d23)  -> (artifact id: '1fb9b7f07c19288fb87036800e95ed50') in 1.037320 seconds 
========================================================================
Received Import Request.
  Time since last request: 0.000073 seconds.
  path: Assets/Undead Survivor/code/Player.cs
  artifactKey: Guid(45da3f7c0a5c34d03ac76c5bf490eaa3) Importer(2089858483,0ecaa5967403d082aa24f35e1b516d23)
Start importing Assets/Undead Survivor/code/Player.cs using Guid(45da3f7c0a5c34d03ac76c5bf490eaa3) Importer(2089858483,0ecaa5967403d082aa24f35e1b516d23)  -> (artifact id: '56f8448ad90f017d63f3631604aa0cbc') in 0.510475 seconds 
========================================================================
Received Import Request.
  Time since last request: 0.000083 seconds.
  path: Assets/Undead Survivor/Animations/Enemy/AcEnemy 1.overrideController
  artifactKey: Guid(050556270436d4f4288557291a1a99c0) Importer(2089858483,0ecaa5967403d082aa24f35e1b516d23)
Start importing Assets/Undead Survivor/Animations/Enemy/AcEnemy 1.overrideController using Guid(050556270436d4f4288557291a1a99c0) Importer(2089858483,0ecaa5967403d082aa24f35e1b516d23)  -> (artifact id: '8697972a643fd57fc0ddf1554c41d040') in 0.069829 seconds 
========================================================================
Received Import Request.
  Time since last request: 0.000087 seconds.
  path: Assets/Undead Survivor/Animations/Enemy/DeadEnemy 2.anim
  artifactKey: Guid(792dace2543560b448e79e612c64624f) Importer(2089858483,0ecaa5967403d082aa24f35e1b516d23)
Start importing Assets/Undead Survivor/Animations/Enemy/DeadEnemy 2.anim using Guid(792dace2543560b448e79e612c64624f) Importer(2089858483,0ecaa5967403d082aa24f35e1b516d23)  -> (artifact id: 'b3277e8bbb207233276e2b23aa5fdbd8') in 0.038941 seconds 
========================================================================
Received Import Request.
  Time since last request: 0.000057 seconds.
  path: Assets/Undead Survivor/Animations/Enemy/DeadEnemy 4.anim
  artifactKey: Guid(5d809d7a58c07f14cbf888319f2bff77) Importer(2089858483,0ecaa5967403d082aa24f35e1b516d23)
Start importing Assets/Undead Survivor/Animations/Enemy/DeadEnemy 4.anim using Guid(5d809d7a58c07f14cbf888319f2bff77) Importer(2089858483,0ecaa5967403d082aa24f35e1b516d23)  -> (artifact id: 'd2480869b080b133c39d85d8206a7c6a') in 0.005249 seconds 
========================================================================
Received Import Request.
  Time since last request: 0.000053 seconds.
  path: Assets/Undead Survivor/Sprites/Enemy 1.png
  artifactKey: Guid(3bcb7877229a5334da528f2f0872b5c3) Importer(2089858483,0ecaa5967403d082aa24f35e1b516d23)
Start importing Assets/Undead Survivor/Sprites/Enemy 1.png using Guid(3bcb7877229a5334da528f2f0872b5c3) Importer(2089858483,0ecaa5967403d082aa24f35e1b516d23)  -> (artifact id: '7c35dc4559c460da3d8101b29c862371') in 0.895217 seconds 
========================================================================
Received Import Request.
  Time since last request: 0.000060 seconds.
  path: Assets/Undead Survivor/Animations/Enemy/AcEnemy 4.overrideController
  artifactKey: Guid(25f7a818644b68042bb0c0c2a28d1550) Importer(2089858483,0ecaa5967403d082aa24f35e1b516d23)
Start importing Assets/Undead Survivor/Animations/Enemy/AcEnemy 4.overrideController using Guid(25f7a818644b68042bb0c0c2a28d1550) Importer(2089858483,0ecaa5967403d082aa24f35e1b516d23)  -> (artifact id: '02b13d77bb9b6e760860b3a431d25c76') in 0.005097 seconds 
========================================================================
Received Import Request.
  Time since last request: 0.000058 seconds.
  path: Assets/Undead Survivor/Audio/Lose.wav
  artifactKey: Guid(c8a3fe17a6641ec48b38fb455a40a223) Importer(2089858483,0ecaa5967403d082aa24f35e1b516d23)
Start importing Assets/Undead Survivor/Audio/Lose.wav using Guid(c8a3fe17a6641ec48b38fb455a40a223) Importer(2089858483,0ecaa5967403d082aa24f35e1b516d23)  -> (artifact id: '371f9c352276585627f64b14a13929cd') in 0.065619 seconds 
========================================================================
Received Import Request.
  Time since last request: 0.000050 seconds.
  path: Assets/Undead Survivor/Audio/Melee0.wav
  artifactKey: Guid(14f24de2a9a70154e96297de25e2184c) Importer(2089858483,0ecaa5967403d082aa24f35e1b516d23)
Start importing Assets/Undead Survivor/Audio/Melee0.wav using Guid(14f24de2a9a70154e96297de25e2184c) Importer(2089858483,0ecaa5967403d082aa24f35e1b516d23)  -> (artifact id: 'ffc706208bec6a852a4e409122889c8d') in 0.034839 seconds 
========================================================================
Received Import Request.
  Time since last request: 0.000055 seconds.
  path: Assets/Undead Survivor/Audio/Win.wav
  artifactKey: Guid(2c4bc183a5df5aa4baf7c4fcf236a2de) Importer(2089858483,0ecaa5967403d082aa24f35e1b516d23)
Start importing Assets/Undead Survivor/Audio/Win.wav using Guid(2c4bc183a5df5aa4baf7c4fcf236a2de) Importer(2089858483,0ecaa5967403d082aa24f35e1b516d23)  -> (artifact id: '5703a3efb076d80eb5077e52b886691d') in 0.062901 seconds 
========================================================================
Received Import Request.
  Time since last request: 0.000061 seconds.
  path: Assets/Settings/Lit2DSceneTemplate.scenetemplate
  artifactKey: Guid(d03ed43fc9d8a4f2e9fa70c1c7916eb9) Importer(2089858483,0ecaa5967403d082aa24f35e1b516d23)
Start importing Assets/Settings/Lit2DSceneTemplate.scenetemplate using Guid(d03ed43fc9d8a4f2e9fa70c1c7916eb9) Importer(2089858483,0ecaa5967403d082aa24f35e1b516d23)  -> (artifact id: 'cb0edca6ba64f429045d32f36788d97a') in 0.081749 seconds 
========================================================================
Received Import Request.
  Time since last request: 0.000065 seconds.
  path: Assets/Undead Survivor/Audio/Melee1.wav
  artifactKey: Guid(d1bef3102d08ba944ac7bcac65733a26) Importer(2089858483,0ecaa5967403d082aa24f35e1b516d23)
Start importing Assets/Undead Survivor/Audio/Melee1.wav using Guid(d1bef3102d08ba944ac7bcac65733a26) Importer(2089858483,0ecaa5967403d082aa24f35e1b516d23)  -> (artifact id: '535c0bfe19fde1756eb7fe73abbcc304') in 0.035486 seconds 
========================================================================
Received Import Request.
  Time since last request: 0.000064 seconds.
  path: Assets/Undead Survivor/Sprites/Tiles.png
  artifactKey: Guid(9ee30eb7d2f1f404790266ee96a67099) Importer(2089858483,0ecaa5967403d082aa24f35e1b516d23)
Start importing Assets/Undead Survivor/Sprites/Tiles.png using Guid(9ee30eb7d2f1f404790266ee96a67099) Importer(2089858483,0ecaa5967403d082aa24f35e1b516d23)  -> (artifact id: 'c7c84c04b9fc6c31f7bdbf5c7d0a8755') in 0.026980 seconds 
========================================================================
Received Import Request.
  Time since last request: 0.000054 seconds.
  path: Assets/Undead Survivor/Animations/Enemy/HitEnemy 0.anim
  artifactKey: Guid(28478ba90b1f6894ca487846b8539fd9) Importer(2089858483,0ecaa5967403d082aa24f35e1b516d23)
Start importing Assets/Undead Survivor/Animations/Enemy/HitEnemy 0.anim using Guid(28478ba90b1f6894ca487846b8539fd9) Importer(2089858483,0ecaa5967403d082aa24f35e1b516d23)  -> (artifact id: 'a7ad71cdc88525a86e8ace42c689de03') in 0.004622 seconds 
========================================================================
Received Import Request.
  Time since last request: 0.000067 seconds.
  path: Assets/Undead Survivor/Animations/Enemy/AcEnemy 2.overrideController
  artifactKey: Guid(12cfc8b2360c2fc4499d4f6f6607671a) Importer(2089858483,0ecaa5967403d082aa24f35e1b516d23)
Start importing Assets/Undead Survivor/Animations/Enemy/AcEnemy 2.overrideController using Guid(12cfc8b2360c2fc4499d4f6f6607671a) Importer(2089858483,0ecaa5967403d082aa24f35e1b516d23)  -> (artifact id: '40d018b3b1f71d6e8160ca1f1462d0f2') in 0.004725 seconds 
========================================================================
Received Import Request.
  Time since last request: 0.000053 seconds.
  path: Assets/UniversalRenderPipelineGlobalSettings.asset
  artifactKey: Guid(ea867b865d5764e919c19d51a15221f7) Importer(2089858483,0ecaa5967403d082aa24f35e1b516d23)
Start importing Assets/UniversalRenderPipelineGlobalSettings.asset using Guid(ea867b865d5764e919c19d51a15221f7) Importer(2089858483,0ecaa5967403d082aa24f35e1b516d23)  -> (artifact id: '82f3bc9fe6563902c06e965bf7be244f') in 0.044268 seconds 
========================================================================
Received Import Request.
  Time since last request: 0.000052 seconds.
  path: Assets/Undead Survivor/Sprites/Farmer 2.png
  artifactKey: Guid(8f7a60065e3984c489b9c4d41bc3dc4e) Importer(2089858483,0ecaa5967403d082aa24f35e1b516d23)
Start importing Assets/Undead Survivor/Sprites/Farmer 2.png using Guid(8f7a60065e3984c489b9c4d41bc3dc4e) Importer(2089858483,0ecaa5967403d082aa24f35e1b516d23)  -> (artifact id: '78a33c70ab7c2e3cb338f2a2436b1fb9') in 0.039712 seconds 
========================================================================
Received Import Request.
  Time since last request: 0.000070 seconds.
  path: Assets/Undead Survivor/Animations/Enemy/HitEnemy 3.anim
  artifactKey: Guid(374652d8454c8b8498e71127786d6b6d) Importer(2089858483,0ecaa5967403d082aa24f35e1b516d23)
Start importing Assets/Undead Survivor/Animations/Enemy/HitEnemy 3.anim using Guid(374652d8454c8b8498e71127786d6b6d) Importer(2089858483,0ecaa5967403d082aa24f35e1b516d23)  -> (artifact id: '851396a01cf68a39ebcd6bac056e22ad') in 0.005368 seconds 
========================================================================
Received Import Request.
  Time since last request: 0.000056 seconds.
  path: Assets/Undead Survivor/Animations/Enemy/DeadEnemy 0.anim
  artifactKey: Guid(bb6aa34a692c0f649b221cee2e9aac1b) Importer(2089858483,0ecaa5967403d082aa24f35e1b516d23)
Start importing Assets/Undead Survivor/Animations/Enemy/DeadEnemy 0.anim using Guid(bb6aa34a692c0f649b221cee2e9aac1b) Importer(2089858483,0ecaa5967403d082aa24f35e1b516d23)  -> (artifact id: '3cbfe82841120f0640174e1b81624b6b') in 0.004719 seconds 
========================================================================
Received Import Request.
  Time since last request: 0.000057 seconds.
  path: Assets/Scenes/SampleScene.unity
  artifactKey: Guid(8c9cfa26abfee488c85f1582747f6a02) Importer(2089858483,0ecaa5967403d082aa24f35e1b516d23)
Start importing Assets/Scenes/SampleScene.unity using Guid(8c9cfa26abfee488c85f1582747f6a02) Importer(2089858483,0ecaa5967403d082aa24f35e1b516d23)  -> (artifact id: 'b03dd42532c0d8864510e518f8b68964') in 0.002385 seconds 
========================================================================
Received Import Request.
  Time since last request: 0.000045 seconds.
  path: Assets/Undead Survivor/Sprites/Enemy 0.png
  artifactKey: Guid(1bc6097228993f045852159e71f81d5b) Importer(2089858483,0ecaa5967403d082aa24f35e1b516d23)
Start importing Assets/Undead Survivor/Sprites/Enemy 0.png using Guid(1bc6097228993f045852159e71f81d5b) Importer(2089858483,0ecaa5967403d082aa24f35e1b516d23)  -> (artifact id: '2978b41f9b7e6d49b52c851b0110cf91') in 0.037934 seconds 
========================================================================
Received Import Request.
  Time since last request: 0.000266 seconds.
  path: Assets/Undead Survivor/Sprites/Farmer 3.png
  artifactKey: Guid(57a1443e67528144aa07582927559650) Importer(2089858483,0ecaa5967403d082aa24f35e1b516d23)
Start importing Assets/Undead Survivor/Sprites/Farmer 3.png using Guid(57a1443e67528144aa07582927559650) Importer(2089858483,0ecaa5967403d082aa24f35e1b516d23)  -> (artifact id: 'd6af38ead77724bc4bf45c5894ba4859') in 0.040423 seconds 
========================================================================
Received Import Request.
  Time since last request: 0.000050 seconds.
  path: Assets/Undead Survivor/Animations/Enemy/RunEnemy 0.anim
  artifactKey: Guid(41eb84b5ea0c13b4384ead9f37ce4b8d) Importer(2089858483,0ecaa5967403d082aa24f35e1b516d23)
Start importing Assets/Undead Survivor/Animations/Enemy/RunEnemy 0.anim using Guid(41eb84b5ea0c13b4384ead9f37ce4b8d) Importer(2089858483,0ecaa5967403d082aa24f35e1b516d23)  -> (artifact id: '13d4c79209c1431d3a7a7da3409ef11e') in 0.004539 seconds 
========================================================================
Received Import Request.
  Time since last request: 0.000064 seconds.
  path: Assets/Undead Survivor/Audio/LevelUp.wav
  artifactKey: Guid(64795b87003c2324fa0814fbc336066c) Importer(2089858483,0ecaa5967403d082aa24f35e1b516d23)
Start importing Assets/Undead Survivor/Audio/LevelUp.wav using Guid(64795b87003c2324fa0814fbc336066c) Importer(2089858483,0ecaa5967403d082aa24f35e1b516d23)  -> (artifact id: 'd3335cc810a9c2c2ab1c01ad08e274da') in 0.035263 seconds 
========================================================================
Received Import Request.
  Time since last request: 0.000056 seconds.
  path: Assets/Undead Survivor/Animations/Enemy/DeadEnemy 3.anim
  artifactKey: Guid(18073b22548785b4dae535055b8ab266) Importer(2089858483,0ecaa5967403d082aa24f35e1b516d23)
Start importing Assets/Undead Survivor/Animations/Enemy/DeadEnemy 3.anim using Guid(18073b22548785b4dae535055b8ab266) Importer(2089858483,0ecaa5967403d082aa24f35e1b516d23)  -> (artifact id: '31be1f61751697798ad3374c84c7086e') in 0.004821 seconds 
========================================================================
Received Import Request.
  Time since last request: 0.000064 seconds.
  path: Assets/Undead Survivor/Animations/Enemy/RunEnemy 2.anim
  artifactKey: Guid(55dcdd9ab79e45e41855a1ba5dd14c80) Importer(2089858483,0ecaa5967403d082aa24f35e1b516d23)
Start importing Assets/Undead Survivor/Animations/Enemy/RunEnemy 2.anim using Guid(55dcdd9ab79e45e41855a1ba5dd14c80) Importer(2089858483,0ecaa5967403d082aa24f35e1b516d23)  -> (artifact id: 'ee494d2becb9177aff7970dbafd422e0') in 0.004554 seconds 
========================================================================
Received Import Request.
  Time since last request: 0.000052 seconds.
  path: Assets/Undead Survivor/Sprites/UI.png
  artifactKey: Guid(d71a3dc7aa20fad4f9a99fc76a9254ba) Importer(2089858483,0ecaa5967403d082aa24f35e1b516d23)
Start importing Assets/Undead Survivor/Sprites/UI.png using Guid(d71a3dc7aa20fad4f9a99fc76a9254ba) Importer(2089858483,0ecaa5967403d082aa24f35e1b516d23)  -> (artifact id: '62ef5dedcfda6c0cb9126e53c8d0d39c') in 0.068554 seconds 
========================================================================
Received Import Request.
  Time since last request: 0.000052 seconds.
  path: Assets/Undead Survivor/Animations/Enemy/RunEnemy 3.anim
  artifactKey: Guid(247cb7578198a0d4396784b2451e62fa) Importer(2089858483,0ecaa5967403d082aa24f35e1b516d23)
Start importing Assets/Undead Survivor/Animations/Enemy/RunEnemy 3.anim using Guid(247cb7578198a0d4396784b2451e62fa) Importer(2089858483,0ecaa5967403d082aa24f35e1b516d23)  -> (artifact id: '954892f6b3d5b22b0caa983b737cc732') in 0.006760 seconds 
========================================================================
Received Import Request.
  Time since last request: 0.000078 seconds.
  path: Assets/Undead Survivor/ReadMe En.pdf
  artifactKey: Guid(e6fb86e2a9e866c4386ec72670747572) Importer(2089858483,0ecaa5967403d082aa24f35e1b516d23)
Start importing Assets/Undead Survivor/ReadMe En.pdf using Guid(e6fb86e2a9e866c4386ec72670747572) Importer(2089858483,0ecaa5967403d082aa24f35e1b516d23)  -> (artifact id: '50dcac102644c3856cb46410df5ea1ae') in 0.302645 seconds 
========================================================================
Received Import Request.
  Time since last request: 0.000060 seconds.
  path: Assets/Undead Survivor/Sprites/Enemy 3.png
  artifactKey: Guid(d33598d781682e049a53a0a13104ef29) Importer(2089858483,0ecaa5967403d082aa24f35e1b516d23)
Start importing Assets/Undead Survivor/Sprites/Enemy 3.png using Guid(d33598d781682e049a53a0a13104ef29) Importer(2089858483,0ecaa5967403d082aa24f35e1b516d23)  -> (artifact id: '81046bfbd27f7eb008eb2924758a998e') in 0.030058 seconds 
========================================================================
Received Prepare
Refreshing native plugins compatible for Editor in 6.09 ms, found 3 plugins.
Preloading 0 native plugins for Editor in 0.00 ms.
Unloading 45 Unused Serialized files (Serialized files now loaded: 0)
Unloading 45 unused Assets / (1.4 MB). Loaded Objects now: 5658.
Memory consumption went from 123.5 MB to 122.2 MB.
Total: 25.191125 ms (FindLiveObjects: 0.471250 ms CreateObjectMapping: 0.091542 ms MarkObjects: 24.112541 ms  DeleteObjects: 0.514834 ms)

AssetImportParameters requested are different than current active one (requested -> active):
  custom:video-decoder-ogg-theora: a1e56fd34408186e4bbccfd4996cb3dc -> 
  custom:container-muxer-webm: aa71ff27fc2769a1b78a27578f13a17b -> 
  custom:container-demuxer-webm: 4f35f7cbe854078d1ac9338744f61a02 -> 
  custom:video-encoder-webm-vp8: eb34c28f22e8b96e1ab97ce403110664 -> 
  custom:framework-osx-AVFoundation: e770b220cccbd017edd2c1fefb359320 -> 
  custom:audio-encoder-webm-vorbis: bf7c407c2cedff20999df2af8eb42d56 -> 
  custom:SearchIndexIgnoredProperties: e643bd26f0fe6173181afceb89e7c659 -> 
  custom:container-demuxer-ogg: 62fdf1f143b41e24485cea50d1cbac27 -> 
  custom:video-decoder-webm-vp8: 9c59270c3fd7afecdb556c50c9e8de78 -> 
  custom:audio-decoder-ogg-vorbis: bf7c407c2cedff20999df2af8eb42d56 -> 
